2020-04-26 17:21:24.660  INFO 13600 --- [main] lavalink.server.Launcher                 : 

[32m       .  [31m _                  _ _       _    [32m__ _ _
[32m      /\\ [31m| | __ ___   ____ _| (_)_ __ | | __[32m\ \ \ \
[32m     ( ( )[31m| |/ _` \ \ / / _` | | | '_ \| |/ /[32m \ \ \ \
[32m      \\/ [31m| | (_| |\ V / (_| | | | | | |   < [32m  ) ) ) )
[32m       '  [31m|_|\__,_| \_/ \__,_|_|_|_| |_|_|\_\[32m / / / /
[0m    =========================================[32m/_/_/_/[0m

	Version:        4f53d09491ba5254eb5c55c234a63b208388d3ef-SNAPSHOT
	Build:          982
	Build time:     18.02.2020 01:14:32 UTC
	Branch          master
	Commit:         4f53d09
	Commit time:    28.12.2019 17:00:51 UTC
	JVM:            13.0.2
	Lavaplayer      1.3.32

2020-04-26 17:21:24.930  INFO 13600 --- [main] lavalink.server.Launcher                 : Starting Launcher on DESKTOP-HOB91CD with PID 13600 (E:\Open Source Pro\discord-bot\lavalink\Lavalink.jar started by Abimael Barrera in E:\Open Source Pro\discord-bot)
2020-04-26 17:21:24.934  INFO 13600 --- [main] lavalink.server.Launcher                 : No active profile set, falling back to default profiles: default
2020-04-26 17:21:25.132  WARN 13600 --- [background-preinit] o.s.h.c.j.Jackson2ObjectMapperBuilder    : For Jackson Kotlin classes support please add "com.fasterxml.jackson.module:jackson-module-kotlin" to the classpath
2020-04-26 17:21:27.976  WARN 13600 --- [main] io.undertow.websockets.jsr               : UT026010: Buffer pool was not set on WebSocketDeploymentInfo, the default pool will be used
2020-04-26 17:21:28.031  INFO 13600 --- [main] io.undertow.servlet                      : Initializing Spring embedded WebApplicationContext
2020-04-26 17:21:28.032  INFO 13600 --- [main] o.s.web.context.ContextLoader            : Root WebApplicationContext: initialization completed in 2932 ms
2020-04-26 17:21:28.632  WARN 13600 --- [main] l.server.config.SentryConfiguration      : Turning off sentry
2020-04-26 17:21:28.663  INFO 13600 --- [main] l.s.c.AudioSendFactoryConfiguration      : OS: Windows 10, Arch: amd64
2020-04-26 17:21:28.665  INFO 13600 --- [main] l.s.c.AudioSendFactoryConfiguration      : JDA-NAS supported system detected. Enabled native audio sending.
2020-04-26 17:21:28.665  INFO 13600 --- [main] l.s.c.AudioSendFactoryConfiguration      : Setting buffer to 400ms
2020-04-26 17:21:28.666  INFO 13600 --- [main] l.s.c.AudioSendFactoryConfiguration      : Setting playlist load limit to 6
2020-04-26 17:21:29.373  INFO 13600 --- [main] c.s.d.l.tools.GarbageCollectionMonitor   : GC monitoring enabled, reporting results every 2 minutes.
2020-04-26 17:21:30.169  INFO 13600 --- [main] o.s.s.concurrent.ThreadPoolTaskExecutor  : Initializing ExecutorService 'applicationTaskExecutor'
2020-04-26 17:21:30.913  INFO 13600 --- [main] org.xnio                                 : XNIO version 3.3.8.Final
2020-04-26 17:21:30.942  INFO 13600 --- [main] org.xnio.nio                             : XNIO NIO Implementation Version 3.3.8.Final
2020-04-26 17:21:31.415  INFO 13600 --- [main] o.s.b.w.e.u.UndertowServletWebServer     : Undertow started on port(s) 2333 (http) with context path ''
2020-04-26 17:21:31.431  INFO 13600 --- [main] lavalink.server.Launcher                 : Started Launcher in 7.669 seconds (JVM running for 8.923)
2020-04-26 17:21:41.066  INFO 13600 --- [XNIO-1 task-1] io.undertow.servlet                      : Initializing Spring DispatcherServlet 'dispatcherServlet'
2020-04-26 17:21:41.068  INFO 13600 --- [XNIO-1 task-1] o.s.web.servlet.DispatcherServlet        : Initializing Servlet 'dispatcherServlet'
2020-04-26 17:21:41.082  INFO 13600 --- [XNIO-1 task-1] o.s.web.servlet.DispatcherServlet        : Completed initialization in 13 ms
2020-04-26 17:21:41.113  INFO 13600 --- [XNIO-1 task-1] l.server.io.HandshakeInterceptorImpl     : Incoming connection from /127.0.0.1:49953
2020-04-26 17:21:41.198  INFO 13600 --- [XNIO-1 task-1] c.s.d.l.tools.GarbageCollectionMonitor   : GC monitoring enabled, reporting results every 2 minutes.
2020-04-26 17:21:41.309  INFO 13600 --- [XNIO-1 task-1] lavalink.server.io.SocketServer          : Connection successfully established from /127.0.0.1:49953
2020-04-26 17:21:49.416  INFO 13600 --- [XNIO-1 I/O-1] lavalink.server.io.SocketServer          : {"sessionId":"9039427295c0430c73ee20477c9df6f6","op":"voiceUpdate","guildId":"356575333899829258","event":{"token":"5d7c7cf7f7b835da","guild_id":"356575333899829258","endpoint":"us-central812.discord.media:80"}}
2020-04-26 17:21:49.454  INFO 13600 --- [XNIO-1 task-2] l.server.player.AudioLoaderRestHandler   : GET /loadtracks
2020-04-26 17:21:51.442  WARN 13600 --- [lava-daemon-pool-info-loader-2-thread-1] c.s.d.l.p.DefaultAudioPlayerManager      : Suspicious exception for loading item https://www.youtube.com/watch?v=k84oqYnGyLo&list=RDk84oqYnGyLo&start_radio=1

com.sedmelluq.discord.lavaplayer.tools.FriendlyException: Could not find tracks from mix.
	at com.sedmelluq.discord.lavaplayer.source.youtube.YoutubeMixProvider.loadMixWithId(YoutubeMixProvider.java:99) ~[lavaplayer-1.3.32.jar!/:na]
	at com.sedmelluq.discord.lavaplayer.source.youtube.YoutubeAudioSourceManager$LoadingRoutes.mix(YoutubeAudioSourceManager.java:249) ~[lavaplayer-1.3.32.jar!/:na]
	at com.sedmelluq.discord.lavaplayer.source.youtube.YoutubeAudioSourceManager$LoadingRoutes.mix(YoutubeAudioSourceManager.java:228) ~[lavaplayer-1.3.32.jar!/:na]
	at com.sedmelluq.discord.lavaplayer.source.youtube.DefaultYoutubeLinkRouter.routeFromUrlWithVideoId(DefaultYoutubeLinkRouter.java:91) ~[lavaplayer-1.3.32.jar!/:na]
	at com.sedmelluq.discord.lavaplayer.source.youtube.DefaultYoutubeLinkRouter.routeFromMainDomain(DefaultYoutubeLinkRouter.java:61) ~[lavaplayer-1.3.32.jar!/:na]
	at com.sedmelluq.discord.lavaplayer.source.youtube.DefaultYoutubeLinkRouter.route(DefaultYoutubeLinkRouter.java:39) ~[lavaplayer-1.3.32.jar!/:na]
	at com.sedmelluq.discord.lavaplayer.source.youtube.YoutubeAudioSourceManager.loadItemOnce(YoutubeAudioSourceManager.java:196) ~[lavaplayer-1.3.32.jar!/:na]
	at com.sedmelluq.discord.lavaplayer.source.youtube.YoutubeAudioSourceManager.loadItem(YoutubeAudioSourceManager.java:133) ~[lavaplayer-1.3.32.jar!/:na]
	at com.sedmelluq.discord.lavaplayer.player.DefaultAudioPlayerManager.checkSourcesForItemOnce(DefaultAudioPlayerManager.java:437) ~[lavaplayer-1.3.32.jar!/:na]
	at com.sedmelluq.discord.lavaplayer.player.DefaultAudioPlayerManager.checkSourcesForItem(DefaultAudioPlayerManager.java:419) ~[lavaplayer-1.3.32.jar!/:na]
	at com.sedmelluq.discord.lavaplayer.player.DefaultAudioPlayerManager.lambda$createItemLoader$0(DefaultAudioPlayerManager.java:218) ~[lavaplayer-1.3.32.jar!/:na]
	at java.base/java.util.concurrent.FutureTask.run(FutureTask.java:264) ~[na:na]
	at java.base/java.util.concurrent.ThreadPoolExecutor.runWorker(ThreadPoolExecutor.java:1128) ~[na:na]
	at java.base/java.util.concurrent.ThreadPoolExecutor$Worker.run(ThreadPoolExecutor.java:628) ~[na:na]
	at java.base/java.lang.Thread.run(Thread.java:830) ~[na:na]

2020-04-26 17:21:51.449 ERROR 13600 --- [lava-daemon-pool-info-loader-2-thread-1] lavalink.server.player.AudioLoader       : Load failed

com.sedmelluq.discord.lavaplayer.tools.FriendlyException: Could not find tracks from mix.
	at com.sedmelluq.discord.lavaplayer.source.youtube.YoutubeMixProvider.loadMixWithId(YoutubeMixProvider.java:99) ~[lavaplayer-1.3.32.jar!/:na]
	at com.sedmelluq.discord.lavaplayer.source.youtube.YoutubeAudioSourceManager$LoadingRoutes.mix(YoutubeAudioSourceManager.java:249) ~[lavaplayer-1.3.32.jar!/:na]
	at com.sedmelluq.discord.lavaplayer.source.youtube.YoutubeAudioSourceManager$LoadingRoutes.mix(YoutubeAudioSourceManager.java:228) ~[lavaplayer-1.3.32.jar!/:na]
	at com.sedmelluq.discord.lavaplayer.source.youtube.DefaultYoutubeLinkRouter.routeFromUrlWithVideoId(DefaultYoutubeLinkRouter.java:91) ~[lavaplayer-1.3.32.jar!/:na]
	at com.sedmelluq.discord.lavaplayer.source.youtube.DefaultYoutubeLinkRouter.routeFromMainDomain(DefaultYoutubeLinkRouter.java:61) ~[lavaplayer-1.3.32.jar!/:na]
	at com.sedmelluq.discord.lavaplayer.source.youtube.DefaultYoutubeLinkRouter.route(DefaultYoutubeLinkRouter.java:39) ~[lavaplayer-1.3.32.jar!/:na]
	at com.sedmelluq.discord.lavaplayer.source.youtube.YoutubeAudioSourceManager.loadItemOnce(YoutubeAudioSourceManager.java:196) ~[lavaplayer-1.3.32.jar!/:na]
	at com.sedmelluq.discord.lavaplayer.source.youtube.YoutubeAudioSourceManager.loadItem(YoutubeAudioSourceManager.java:133) ~[lavaplayer-1.3.32.jar!/:na]
	at com.sedmelluq.discord.lavaplayer.player.DefaultAudioPlayerManager.checkSourcesForItemOnce(DefaultAudioPlayerManager.java:437) ~[lavaplayer-1.3.32.jar!/:na]
	at com.sedmelluq.discord.lavaplayer.player.DefaultAudioPlayerManager.checkSourcesForItem(DefaultAudioPlayerManager.java:419) ~[lavaplayer-1.3.32.jar!/:na]
	at com.sedmelluq.discord.lavaplayer.player.DefaultAudioPlayerManager.lambda$createItemLoader$0(DefaultAudioPlayerManager.java:218) ~[lavaplayer-1.3.32.jar!/:na]
	at java.base/java.util.concurrent.FutureTask.run(FutureTask.java:264) ~[na:na]
	at java.base/java.util.concurrent.ThreadPoolExecutor.runWorker(ThreadPoolExecutor.java:1128) ~[na:na]
	at java.base/java.util.concurrent.ThreadPoolExecutor$Worker.run(ThreadPoolExecutor.java:628) ~[na:na]
	at java.base/java.lang.Thread.run(Thread.java:830) ~[na:na]

2020-04-26 17:23:42.657  INFO 13600 --- [XNIO-1 I/O-1] lavalink.server.io.SocketServer          : Connection closed from /127.0.0.1:49953 -- CloseStatus[code=1006, reason=]
2020-04-26 17:23:42.663  INFO 13600 --- [XNIO-1 I/O-1] lavalink.server.io.SocketContext         : Shutting down 0 playing players.
2020-04-26 17:23:42.664  INFO 13600 --- [XNIO-1 I/O-1] c.s.d.l.tools.GarbageCollectionMonitor   : GC monitoring disabled.
2020-04-26 17:23:47.106  INFO 13600 --- [Thread-1] o.s.s.concurrent.ThreadPoolTaskExecutor  : Shutting down ExecutorService 'applicationTaskExecutor'
2020-04-26 17:23:47.108  INFO 13600 --- [Thread-1] c.s.d.l.tools.GarbageCollectionMonitor   : GC monitoring disabled.
2020-04-26 17:23:47.113  INFO 13600 --- [Thread-1] io.undertow.servlet                      : Destroying Spring FrameworkServlet 'dispatcherServlet'
2020-04-26 17:25:25.792  INFO 5532 --- [main] lavalink.server.Launcher                 : 

[32m       .  [31m _                  _ _       _    [32m__ _ _
[32m      /\\ [31m| | __ ___   ____ _| (_)_ __ | | __[32m\ \ \ \
[32m     ( ( )[31m| |/ _` \ \ / / _` | | | '_ \| |/ /[32m \ \ \ \
[32m      \\/ [31m| | (_| |\ V / (_| | | | | | |   < [32m  ) ) ) )
[32m       '  [31m|_|\__,_| \_/ \__,_|_|_|_| |_|_|\_\[32m / / / /
[0m    =========================================[32m/_/_/_/[0m

	Version:        4f53d09491ba5254eb5c55c234a63b208388d3ef-SNAPSHOT
	Build:          982
	Build time:     18.02.2020 01:14:32 UTC
	Branch          master
	Commit:         4f53d09
	Commit time:    28.12.2019 17:00:51 UTC
	JVM:            13.0.2
	Lavaplayer      1.3.32

2020-04-26 17:25:26.067  INFO 5532 --- [main] lavalink.server.Launcher                 : Starting Launcher on DESKTOP-HOB91CD with PID 5532 (E:\Open Source Pro\discord-bot\lavalink\Lavalink.jar started by Abimael Barrera in E:\Open Source Pro\discord-bot)
2020-04-26 17:25:26.071  INFO 5532 --- [main] lavalink.server.Launcher                 : No active profile set, falling back to default profiles: default
2020-04-26 17:25:26.252  WARN 5532 --- [background-preinit] o.s.h.c.j.Jackson2ObjectMapperBuilder    : For Jackson Kotlin classes support please add "com.fasterxml.jackson.module:jackson-module-kotlin" to the classpath
2020-04-26 17:25:28.974  WARN 5532 --- [main] io.undertow.websockets.jsr               : UT026010: Buffer pool was not set on WebSocketDeploymentInfo, the default pool will be used
2020-04-26 17:25:29.079  INFO 5532 --- [main] io.undertow.servlet                      : Initializing Spring embedded WebApplicationContext
2020-04-26 17:25:29.081  INFO 5532 --- [main] o.s.web.context.ContextLoader            : Root WebApplicationContext: initialization completed in 2878 ms
2020-04-26 17:25:30.464  WARN 5532 --- [main] l.server.config.SentryConfiguration      : Turning off sentry
2020-04-26 17:25:30.561  INFO 5532 --- [main] l.s.c.AudioSendFactoryConfiguration      : OS: Windows 10, Arch: amd64
2020-04-26 17:25:30.591  INFO 5532 --- [main] l.s.c.AudioSendFactoryConfiguration      : JDA-NAS supported system detected. Enabled native audio sending.
2020-04-26 17:25:30.668  INFO 5532 --- [main] l.s.c.AudioSendFactoryConfiguration      : Setting buffer to 400ms
2020-04-26 17:25:30.736  INFO 5532 --- [main] l.s.c.AudioSendFactoryConfiguration      : Setting playlist load limit to 6
2020-04-26 17:25:31.485  INFO 5532 --- [main] c.s.d.l.tools.GarbageCollectionMonitor   : GC monitoring enabled, reporting results every 2 minutes.
2020-04-26 17:25:32.397  INFO 5532 --- [main] o.s.s.concurrent.ThreadPoolTaskExecutor  : Initializing ExecutorService 'applicationTaskExecutor'
2020-04-26 17:25:33.008  INFO 5532 --- [main] org.xnio                                 : XNIO version 3.3.8.Final
2020-04-26 17:25:33.033  INFO 5532 --- [main] org.xnio.nio                             : XNIO NIO Implementation Version 3.3.8.Final
2020-04-26 17:25:33.414  INFO 5532 --- [main] o.s.b.w.e.u.UndertowServletWebServer     : Undertow started on port(s) 2333 (http) with context path ''
2020-04-26 17:25:33.423  INFO 5532 --- [main] lavalink.server.Launcher                 : Started Launcher in 8.705 seconds (JVM running for 9.717)
2020-04-26 17:25:45.406  INFO 5532 --- [XNIO-1 task-1] io.undertow.servlet                      : Initializing Spring DispatcherServlet 'dispatcherServlet'
2020-04-26 17:25:45.407  INFO 5532 --- [XNIO-1 task-1] o.s.web.servlet.DispatcherServlet        : Initializing Servlet 'dispatcherServlet'
2020-04-26 17:25:45.419  INFO 5532 --- [XNIO-1 task-1] o.s.web.servlet.DispatcherServlet        : Completed initialization in 11 ms
2020-04-26 17:25:45.456  INFO 5532 --- [XNIO-1 task-1] l.server.io.HandshakeInterceptorImpl     : Incoming connection from /127.0.0.1:50012
2020-04-26 17:25:45.554  INFO 5532 --- [XNIO-1 task-1] c.s.d.l.tools.GarbageCollectionMonitor   : GC monitoring enabled, reporting results every 2 minutes.
2020-04-26 17:25:45.665  INFO 5532 --- [XNIO-1 task-1] lavalink.server.io.SocketServer          : Connection successfully established from /127.0.0.1:50012
2020-04-26 17:25:59.491  INFO 5532 --- [XNIO-1 I/O-4] lavalink.server.io.SocketServer          : {"sessionId":"c4d1c04e903da8b66568e899e7aab38f","op":"voiceUpdate","guildId":"356575333899829258","event":{"token":"e1692331605084e0","guild_id":"356575333899829258","endpoint":"us-central812.discord.media:80"}}
2020-04-26 17:25:59.554  INFO 5532 --- [XNIO-1 task-2] l.server.player.AudioLoaderRestHandler   : GET /loadtracks
2020-04-26 17:26:01.795  WARN 5532 --- [lava-daemon-pool-info-loader-2-thread-1] c.s.d.l.p.DefaultAudioPlayerManager      : Suspicious exception for loading item https://www.youtube.com/watch?v=k84oqYnGyLo&list=RDk84oqYnGyLo&start_radio=1

com.sedmelluq.discord.lavaplayer.tools.FriendlyException: Could not find tracks from mix.
	at com.sedmelluq.discord.lavaplayer.source.youtube.YoutubeMixProvider.loadMixWithId(YoutubeMixProvider.java:99) ~[lavaplayer-1.3.32.jar!/:na]
	at com.sedmelluq.discord.lavaplayer.source.youtube.YoutubeAudioSourceManager$LoadingRoutes.mix(YoutubeAudioSourceManager.java:249) ~[lavaplayer-1.3.32.jar!/:na]
	at com.sedmelluq.discord.lavaplayer.source.youtube.YoutubeAudioSourceManager$LoadingRoutes.mix(YoutubeAudioSourceManager.java:228) ~[lavaplayer-1.3.32.jar!/:na]
	at com.sedmelluq.discord.lavaplayer.source.youtube.DefaultYoutubeLinkRouter.routeFromUrlWithVideoId(DefaultYoutubeLinkRouter.java:91) ~[lavaplayer-1.3.32.jar!/:na]
	at com.sedmelluq.discord.lavaplayer.source.youtube.DefaultYoutubeLinkRouter.routeFromMainDomain(DefaultYoutubeLinkRouter.java:61) ~[lavaplayer-1.3.32.jar!/:na]
	at com.sedmelluq.discord.lavaplayer.source.youtube.DefaultYoutubeLinkRouter.route(DefaultYoutubeLinkRouter.java:39) ~[lavaplayer-1.3.32.jar!/:na]
	at com.sedmelluq.discord.lavaplayer.source.youtube.YoutubeAudioSourceManager.loadItemOnce(YoutubeAudioSourceManager.java:196) ~[lavaplayer-1.3.32.jar!/:na]
	at com.sedmelluq.discord.lavaplayer.source.youtube.YoutubeAudioSourceManager.loadItem(YoutubeAudioSourceManager.java:133) ~[lavaplayer-1.3.32.jar!/:na]
	at com.sedmelluq.discord.lavaplayer.player.DefaultAudioPlayerManager.checkSourcesForItemOnce(DefaultAudioPlayerManager.java:437) ~[lavaplayer-1.3.32.jar!/:na]
	at com.sedmelluq.discord.lavaplayer.player.DefaultAudioPlayerManager.checkSourcesForItem(DefaultAudioPlayerManager.java:419) ~[lavaplayer-1.3.32.jar!/:na]
	at com.sedmelluq.discord.lavaplayer.player.DefaultAudioPlayerManager.lambda$createItemLoader$0(DefaultAudioPlayerManager.java:218) ~[lavaplayer-1.3.32.jar!/:na]
	at java.base/java.util.concurrent.FutureTask.run(FutureTask.java:264) ~[na:na]
	at java.base/java.util.concurrent.ThreadPoolExecutor.runWorker(ThreadPoolExecutor.java:1128) ~[na:na]
	at java.base/java.util.concurrent.ThreadPoolExecutor$Worker.run(ThreadPoolExecutor.java:628) ~[na:na]
	at java.base/java.lang.Thread.run(Thread.java:830) ~[na:na]

2020-04-26 17:26:01.805 ERROR 5532 --- [lava-daemon-pool-info-loader-2-thread-1] lavalink.server.player.AudioLoader       : Load failed

com.sedmelluq.discord.lavaplayer.tools.FriendlyException: Could not find tracks from mix.
	at com.sedmelluq.discord.lavaplayer.source.youtube.YoutubeMixProvider.loadMixWithId(YoutubeMixProvider.java:99) ~[lavaplayer-1.3.32.jar!/:na]
	at com.sedmelluq.discord.lavaplayer.source.youtube.YoutubeAudioSourceManager$LoadingRoutes.mix(YoutubeAudioSourceManager.java:249) ~[lavaplayer-1.3.32.jar!/:na]
	at com.sedmelluq.discord.lavaplayer.source.youtube.YoutubeAudioSourceManager$LoadingRoutes.mix(YoutubeAudioSourceManager.java:228) ~[lavaplayer-1.3.32.jar!/:na]
	at com.sedmelluq.discord.lavaplayer.source.youtube.DefaultYoutubeLinkRouter.routeFromUrlWithVideoId(DefaultYoutubeLinkRouter.java:91) ~[lavaplayer-1.3.32.jar!/:na]
	at com.sedmelluq.discord.lavaplayer.source.youtube.DefaultYoutubeLinkRouter.routeFromMainDomain(DefaultYoutubeLinkRouter.java:61) ~[lavaplayer-1.3.32.jar!/:na]
	at com.sedmelluq.discord.lavaplayer.source.youtube.DefaultYoutubeLinkRouter.route(DefaultYoutubeLinkRouter.java:39) ~[lavaplayer-1.3.32.jar!/:na]
	at com.sedmelluq.discord.lavaplayer.source.youtube.YoutubeAudioSourceManager.loadItemOnce(YoutubeAudioSourceManager.java:196) ~[lavaplayer-1.3.32.jar!/:na]
	at com.sedmelluq.discord.lavaplayer.source.youtube.YoutubeAudioSourceManager.loadItem(YoutubeAudioSourceManager.java:133) ~[lavaplayer-1.3.32.jar!/:na]
	at com.sedmelluq.discord.lavaplayer.player.DefaultAudioPlayerManager.checkSourcesForItemOnce(DefaultAudioPlayerManager.java:437) ~[lavaplayer-1.3.32.jar!/:na]
	at com.sedmelluq.discord.lavaplayer.player.DefaultAudioPlayerManager.checkSourcesForItem(DefaultAudioPlayerManager.java:419) ~[lavaplayer-1.3.32.jar!/:na]
	at com.sedmelluq.discord.lavaplayer.player.DefaultAudioPlayerManager.lambda$createItemLoader$0(DefaultAudioPlayerManager.java:218) ~[lavaplayer-1.3.32.jar!/:na]
	at java.base/java.util.concurrent.FutureTask.run(FutureTask.java:264) ~[na:na]
	at java.base/java.util.concurrent.ThreadPoolExecutor.runWorker(ThreadPoolExecutor.java:1128) ~[na:na]
	at java.base/java.util.concurrent.ThreadPoolExecutor$Worker.run(ThreadPoolExecutor.java:628) ~[na:na]
	at java.base/java.lang.Thread.run(Thread.java:830) ~[na:na]

2020-04-26 17:26:30.682  INFO 5532 --- [Thread-1] o.s.s.concurrent.ThreadPoolTaskExecutor  : Shutting down ExecutorService 'applicationTaskExecutor'
2020-04-26 17:26:30.683  INFO 5532 --- [Thread-1] c.s.d.l.tools.GarbageCollectionMonitor   : GC monitoring disabled.
2020-04-26 17:26:30.694  INFO 5532 --- [Thread-1] io.undertow.servlet                      : Destroying Spring FrameworkServlet 'dispatcherServlet'
2020-04-26 17:26:30.726 ERROR 5532 --- [XNIO-1 I/O-4] org.xnio.listener                        : XNIO001007: A channel event listener threw an exception

java.util.concurrent.RejectedExecutionException: XNIO007007: Thread is terminating
	at org.xnio.nio.WorkerThread.execute(WorkerThread.java:590) ~[xnio-nio-3.3.8.Final.jar!/:3.3.8.Final]
	at io.undertow.websockets.jsr.UndertowSession$3.handleEvent(UndertowSession.java:396) ~[undertow-websockets-jsr-2.0.26.Final.jar!/:2.0.26.Final]
	at io.undertow.websockets.jsr.UndertowSession$3.handleEvent(UndertowSession.java:388) ~[undertow-websockets-jsr-2.0.26.Final.jar!/:2.0.26.Final]
	at org.xnio.ChannelListeners.invokeChannelListener(ChannelListeners.java:92) ~[xnio-api-3.3.8.Final.jar!/:3.3.8.Final]
	at io.undertow.server.protocol.framed.AbstractFramedChannel$FrameCloseListener.handleEvent(AbstractFramedChannel.java:1063) ~[undertow-core-2.0.26.Final.jar!/:2.0.26.Final]
	at io.undertow.server.protocol.framed.AbstractFramedChannel$FrameCloseListener.handleEvent(AbstractFramedChannel.java:978) ~[undertow-core-2.0.26.Final.jar!/:2.0.26.Final]
	at org.xnio.ChannelListeners.invokeChannelListener(ChannelListeners.java:92) ~[xnio-api-3.3.8.Final.jar!/:3.3.8.Final]
	at org.xnio.conduits.WriteReadyHandler$ChannelListenerHandler.terminated(WriteReadyHandler.java:70) ~[xnio-api-3.3.8.Final.jar!/:3.3.8.Final]
	at org.xnio.nio.NioSocketConduit.writeTerminated(NioSocketConduit.java:234) ~[xnio-nio-3.3.8.Final.jar!/:3.3.8.Final]
	at org.xnio.nio.NioSocketConduit.terminateWrites(NioSocketConduit.java:223) ~[xnio-nio-3.3.8.Final.jar!/:3.3.8.Final]
	at org.xnio.nio.NioSocketConduit.truncateWrites(NioSocketConduit.java:228) ~[xnio-nio-3.3.8.Final.jar!/:3.3.8.Final]
	at io.undertow.conduits.IdleTimeoutConduit.truncateWrites(IdleTimeoutConduit.java:387) ~[undertow-core-2.0.26.Final.jar!/:2.0.26.Final]
	at org.xnio.conduits.ConduitStreamSinkChannel.close(ConduitStreamSinkChannel.java:186) ~[xnio-api-3.3.8.Final.jar!/:3.3.8.Final]
	at org.xnio.IoUtils.safeClose(IoUtils.java:134) ~[xnio-api-3.3.8.Final.jar!/:3.3.8.Final]
	at org.xnio.conduits.WriteReadyHandler$ChannelListenerHandler.forceTermination(WriteReadyHandler.java:57) ~[xnio-api-3.3.8.Final.jar!/:3.3.8.Final]
	at org.xnio.nio.NioSocketConduit.forceTermination(NioSocketConduit.java:107) ~[xnio-nio-3.3.8.Final.jar!/:3.3.8.Final]
	at org.xnio.nio.WorkerThread.run(WorkerThread.java:494) ~[xnio-nio-3.3.8.Final.jar!/:3.3.8.Final]

2020-04-26 17:30:25.256  INFO 824 --- [main] lavalink.server.Launcher                 : 

[32m       .  [31m _                  _ _       _    [32m__ _ _
[32m      /\\ [31m| | __ ___   ____ _| (_)_ __ | | __[32m\ \ \ \
[32m     ( ( )[31m| |/ _` \ \ / / _` | | | '_ \| |/ /[32m \ \ \ \
[32m      \\/ [31m| | (_| |\ V / (_| | | | | | |   < [32m  ) ) ) )
[32m       '  [31m|_|\__,_| \_/ \__,_|_|_|_| |_|_|\_\[32m / / / /
[0m    =========================================[32m/_/_/_/[0m

	Version:        e7220eaecb3f1db1cd21a1c1ba47d464358b141f-SNAPSHOT
	Build:          1002
	Build time:     28.03.2020 19:31:09 UTC
	Branch          master
	Commit:         e7220ea
	Commit time:    28.03.2020 19:29:10 UTC
	JVM:            13.0.2
	Lavaplayer      1.3.38

2020-04-26 17:30:25.684  INFO 824 --- [main] lavalink.server.Launcher                 : Starting Launcher on DESKTOP-HOB91CD with PID 824 (E:\Open Source Pro\discord-bot\Lavalink\Lavalink.jar started by Abimael Barrera in E:\Open Source Pro\discord-bot)
2020-04-26 17:30:25.686  INFO 824 --- [main] lavalink.server.Launcher                 : No active profile set, falling back to default profiles: default
2020-04-26 17:30:25.726  WARN 824 --- [background-preinit] o.s.h.c.j.Jackson2ObjectMapperBuilder    : For Jackson Kotlin classes support please add "com.fasterxml.jackson.module:jackson-module-kotlin" to the classpath
2020-04-26 17:30:28.353  WARN 824 --- [main] io.undertow.websockets.jsr               : UT026010: Buffer pool was not set on WebSocketDeploymentInfo, the default pool will be used
2020-04-26 17:30:28.416  INFO 824 --- [main] io.undertow.servlet                      : Initializing Spring embedded WebApplicationContext
2020-04-26 17:30:28.417  INFO 824 --- [main] o.s.web.context.ContextLoader            : Root WebApplicationContext: initialization completed in 2607 ms
2020-04-26 17:30:29.123  WARN 824 --- [main] l.server.config.SentryConfiguration      : Turning off sentry
2020-04-26 17:30:29.150  INFO 824 --- [main] l.s.c.AudioSendFactoryConfiguration      : OS: Windows 10, Arch: amd64
2020-04-26 17:30:29.157  INFO 824 --- [main] l.s.c.AudioSendFactoryConfiguration      : JDA-NAS supported system detected. Enabled native audio sending.
2020-04-26 17:30:29.159  INFO 824 --- [main] l.s.c.AudioSendFactoryConfiguration      : Setting buffer to 400ms
2020-04-26 17:30:29.160  INFO 824 --- [main] l.s.c.AudioSendFactoryConfiguration      : Setting playlist load limit to 6
2020-04-26 17:30:29.903  INFO 824 --- [main] c.s.d.l.tools.GarbageCollectionMonitor   : GC monitoring enabled, reporting results every 2 minutes.
2020-04-26 17:30:31.074  INFO 824 --- [main] o.s.s.concurrent.ThreadPoolTaskExecutor  : Initializing ExecutorService 'applicationTaskExecutor'
2020-04-26 17:30:31.970  INFO 824 --- [main] org.xnio                                 : XNIO version 3.3.8.Final
2020-04-26 17:30:31.988  INFO 824 --- [main] org.xnio.nio                             : XNIO NIO Implementation Version 3.3.8.Final
2020-04-26 17:30:32.331  INFO 824 --- [main] o.s.b.w.e.u.UndertowServletWebServer     : Undertow started on port(s) 2333 (http) with context path ''
2020-04-26 17:30:32.339  INFO 824 --- [main] lavalink.server.Launcher                 : Started Launcher in 8.059 seconds (JVM running for 8.942)
2020-04-26 17:30:45.387  INFO 824 --- [XNIO-1 task-1] io.undertow.servlet                      : Initializing Spring DispatcherServlet 'dispatcherServlet'
2020-04-26 17:30:45.391  INFO 824 --- [XNIO-1 task-1] o.s.web.servlet.DispatcherServlet        : Initializing Servlet 'dispatcherServlet'
2020-04-26 17:30:45.458  INFO 824 --- [XNIO-1 task-1] o.s.web.servlet.DispatcherServlet        : Completed initialization in 57 ms
2020-04-26 17:30:45.510  INFO 824 --- [XNIO-1 task-1] l.server.io.HandshakeInterceptorImpl     : Incoming connection from /127.0.0.1:50053
2020-04-26 17:30:45.986  INFO 824 --- [XNIO-1 task-1] lavalink.server.io.SocketServer          : Connection successfully established from /127.0.0.1:50053
2020-04-26 17:30:56.743  INFO 824 --- [XNIO-1 task-2] l.server.player.AudioLoaderRestHandler   : GET /loadtracks
2020-04-26 17:30:56.812  INFO 824 --- [XNIO-1 I/O-1] lavalink.server.io.SocketServer          : {"sessionId":"bcdf283c0410ab5c51fcfd1e7a3c5b67","op":"voiceUpdate","guildId":"356575333899829258","event":{"token":"16d207f1f8854e09","guild_id":"356575333899829258","endpoint":"us-central812.discord.media:80"}}
2020-04-26 17:30:57.169  INFO 824 --- [parallel-2] com.jcabi.manifests.Manifests            : 73 attributes loaded from 84 stream(s) in 261ms, 73 saved, 1240 ignored: ["Ant-Version", "Archiver-Version", "Automatic-Module-Name", "Bnd-LastModified", "Build-Jdk", "Build-Jdk-Spec", "Build-Time", "Built-By", "Bundle-ActivationPolicy", "Bundle-Activator", "Bundle-Category", "Bundle-Description", "Bundle-DocURL", "Bundle-License", "Bundle-ManifestVersion", "Bundle-Name", "Bundle-NativeCode", "Bundle-RequiredExecutionEnvironment", "Bundle-SymbolicName", "Bundle-Vendor", "Bundle-Version", "Copyright", "Created-By", "Export-Package", "Extension-Name", "Git-Revision", "Implementation-Build", "Implementation-Build-Date", "Implementation-Title", "Implementation-URL", "Implementation-Vendor", "Implementation-Vendor-Id", "Implementation-Version", "Import-Package", "Include-Resource", "JCabi-Build", "JCabi-Date", "JCabi-Version", "Jar-Name", "Jar-Version", "Java-Vendor", "Java-Version", "Kotlin-Runtime-Component", "Kotlin-Version", "Log4jReleaseKey", "Log4jReleaseManager", "Log4jReleaseVersion", "Magma-Version", "Main-Class", "Manifest-Version", "Multi-Release", "Originally-Created-By", "Os-Arch", "Os-Name", "Os-Version", "Private-Package", "Provide-Capability", "Require-Bundle", "Require-Capability", "Scm-Connection", "Scm-Revision", "Scm-Url", "Specification-Title", "Specification-Vendor", "Specification-Version", "Spring-Boot-Classes", "Spring-Boot-Lib", "Spring-Boot-Version", "Start-Class", "Tool", "X-Compile-Source-JDK", "X-Compile-Target-JDK", "url"]
2020-04-26 17:30:59.507  WARN 824 --- [lava-daemon-pool-info-loader-2-thread-1] c.s.d.l.p.DefaultAudioPlayerManager      : Suspicious exception for loading item https://www.youtube.com/watch?v=k84oqYnGyLo&list=RDk84oqYnGyLo&start_radio=1

com.sedmelluq.discord.lavaplayer.tools.FriendlyException: Could not find tracks from mix.
	at com.sedmelluq.discord.lavaplayer.source.youtube.YoutubeMixProvider.loadMixWithId(YoutubeMixProvider.java:99) ~[lavaplayer-1.3.38.jar!/:na]
	at com.sedmelluq.discord.lavaplayer.source.youtube.YoutubeAudioSourceManager$LoadingRoutes.mix(YoutubeAudioSourceManager.java:249) ~[lavaplayer-1.3.38.jar!/:na]
	at com.sedmelluq.discord.lavaplayer.source.youtube.YoutubeAudioSourceManager$LoadingRoutes.mix(YoutubeAudioSourceManager.java:228) ~[lavaplayer-1.3.38.jar!/:na]
	at com.sedmelluq.discord.lavaplayer.source.youtube.DefaultYoutubeLinkRouter.routeFromUrlWithVideoId(DefaultYoutubeLinkRouter.java:91) ~[lavaplayer-1.3.38.jar!/:na]
	at com.sedmelluq.discord.lavaplayer.source.youtube.DefaultYoutubeLinkRouter.routeFromMainDomain(DefaultYoutubeLinkRouter.java:61) ~[lavaplayer-1.3.38.jar!/:na]
	at com.sedmelluq.discord.lavaplayer.source.youtube.DefaultYoutubeLinkRouter.route(DefaultYoutubeLinkRouter.java:39) ~[lavaplayer-1.3.38.jar!/:na]
	at com.sedmelluq.discord.lavaplayer.source.youtube.YoutubeAudioSourceManager.loadItemOnce(YoutubeAudioSourceManager.java:196) ~[lavaplayer-1.3.38.jar!/:na]
	at com.sedmelluq.discord.lavaplayer.source.youtube.YoutubeAudioSourceManager.loadItem(YoutubeAudioSourceManager.java:133) ~[lavaplayer-1.3.38.jar!/:na]
	at com.sedmelluq.discord.lavaplayer.player.DefaultAudioPlayerManager.checkSourcesForItemOnce(DefaultAudioPlayerManager.java:437) ~[lavaplayer-1.3.38.jar!/:na]
	at com.sedmelluq.discord.lavaplayer.player.DefaultAudioPlayerManager.checkSourcesForItem(DefaultAudioPlayerManager.java:419) ~[lavaplayer-1.3.38.jar!/:na]
	at com.sedmelluq.discord.lavaplayer.player.DefaultAudioPlayerManager.lambda$createItemLoader$0(DefaultAudioPlayerManager.java:218) ~[lavaplayer-1.3.38.jar!/:na]
	at java.base/java.util.concurrent.FutureTask.run(FutureTask.java:264) ~[na:na]
	at java.base/java.util.concurrent.ThreadPoolExecutor.runWorker(ThreadPoolExecutor.java:1128) ~[na:na]
	at java.base/java.util.concurrent.ThreadPoolExecutor$Worker.run(ThreadPoolExecutor.java:628) ~[na:na]
	at java.base/java.lang.Thread.run(Thread.java:830) ~[na:na]

2020-04-26 17:30:59.515 ERROR 824 --- [lava-daemon-pool-info-loader-2-thread-1] lavalink.server.player.AudioLoader       : Load failed

com.sedmelluq.discord.lavaplayer.tools.FriendlyException: Could not find tracks from mix.
	at com.sedmelluq.discord.lavaplayer.source.youtube.YoutubeMixProvider.loadMixWithId(YoutubeMixProvider.java:99) ~[lavaplayer-1.3.38.jar!/:na]
	at com.sedmelluq.discord.lavaplayer.source.youtube.YoutubeAudioSourceManager$LoadingRoutes.mix(YoutubeAudioSourceManager.java:249) ~[lavaplayer-1.3.38.jar!/:na]
	at com.sedmelluq.discord.lavaplayer.source.youtube.YoutubeAudioSourceManager$LoadingRoutes.mix(YoutubeAudioSourceManager.java:228) ~[lavaplayer-1.3.38.jar!/:na]
	at com.sedmelluq.discord.lavaplayer.source.youtube.DefaultYoutubeLinkRouter.routeFromUrlWithVideoId(DefaultYoutubeLinkRouter.java:91) ~[lavaplayer-1.3.38.jar!/:na]
	at com.sedmelluq.discord.lavaplayer.source.youtube.DefaultYoutubeLinkRouter.routeFromMainDomain(DefaultYoutubeLinkRouter.java:61) ~[lavaplayer-1.3.38.jar!/:na]
	at com.sedmelluq.discord.lavaplayer.source.youtube.DefaultYoutubeLinkRouter.route(DefaultYoutubeLinkRouter.java:39) ~[lavaplayer-1.3.38.jar!/:na]
	at com.sedmelluq.discord.lavaplayer.source.youtube.YoutubeAudioSourceManager.loadItemOnce(YoutubeAudioSourceManager.java:196) ~[lavaplayer-1.3.38.jar!/:na]
	at com.sedmelluq.discord.lavaplayer.source.youtube.YoutubeAudioSourceManager.loadItem(YoutubeAudioSourceManager.java:133) ~[lavaplayer-1.3.38.jar!/:na]
	at com.sedmelluq.discord.lavaplayer.player.DefaultAudioPlayerManager.checkSourcesForItemOnce(DefaultAudioPlayerManager.java:437) ~[lavaplayer-1.3.38.jar!/:na]
	at com.sedmelluq.discord.lavaplayer.player.DefaultAudioPlayerManager.checkSourcesForItem(DefaultAudioPlayerManager.java:419) ~[lavaplayer-1.3.38.jar!/:na]
	at com.sedmelluq.discord.lavaplayer.player.DefaultAudioPlayerManager.lambda$createItemLoader$0(DefaultAudioPlayerManager.java:218) ~[lavaplayer-1.3.38.jar!/:na]
	at java.base/java.util.concurrent.FutureTask.run(FutureTask.java:264) ~[na:na]
	at java.base/java.util.concurrent.ThreadPoolExecutor.runWorker(ThreadPoolExecutor.java:1128) ~[na:na]
	at java.base/java.util.concurrent.ThreadPoolExecutor$Worker.run(ThreadPoolExecutor.java:628) ~[na:na]
	at java.base/java.lang.Thread.run(Thread.java:830) ~[na:na]

2020-04-26 17:31:25.566  INFO 824 --- [Thread-1] o.s.s.concurrent.ThreadPoolTaskExecutor  : Shutting down ExecutorService 'applicationTaskExecutor'
2020-04-26 17:31:25.568  INFO 824 --- [Thread-1] c.s.d.l.tools.GarbageCollectionMonitor   : GC monitoring disabled.
2020-04-26 17:31:25.606  INFO 824 --- [Thread-1] io.undertow.servlet                      : Destroying Spring FrameworkServlet 'dispatcherServlet'
2020-04-26 17:31:25.648 ERROR 824 --- [XNIO-1 I/O-1] org.xnio.listener                        : XNIO001007: A channel event listener threw an exception

java.util.concurrent.RejectedExecutionException: XNIO007007: Thread is terminating
	at org.xnio.nio.WorkerThread.execute(WorkerThread.java:590) ~[xnio-nio-3.3.8.Final.jar!/:3.3.8.Final]
	at io.undertow.websockets.jsr.UndertowSession$3.handleEvent(UndertowSession.java:396) ~[undertow-websockets-jsr-2.0.26.Final.jar!/:2.0.26.Final]
	at io.undertow.websockets.jsr.UndertowSession$3.handleEvent(UndertowSession.java:388) ~[undertow-websockets-jsr-2.0.26.Final.jar!/:2.0.26.Final]
	at org.xnio.ChannelListeners.invokeChannelListener(ChannelListeners.java:92) ~[xnio-api-3.3.8.Final.jar!/:3.3.8.Final]
	at io.undertow.server.protocol.framed.AbstractFramedChannel$FrameCloseListener.handleEvent(AbstractFramedChannel.java:1063) ~[undertow-core-2.0.26.Final.jar!/:2.0.26.Final]
	at io.undertow.server.protocol.framed.AbstractFramedChannel$FrameCloseListener.handleEvent(AbstractFramedChannel.java:978) ~[undertow-core-2.0.26.Final.jar!/:2.0.26.Final]
	at org.xnio.ChannelListeners.invokeChannelListener(ChannelListeners.java:92) ~[xnio-api-3.3.8.Final.jar!/:3.3.8.Final]
	at org.xnio.conduits.WriteReadyHandler$ChannelListenerHandler.terminated(WriteReadyHandler.java:70) ~[xnio-api-3.3.8.Final.jar!/:3.3.8.Final]
	at org.xnio.nio.NioSocketConduit.writeTerminated(NioSocketConduit.java:234) ~[xnio-nio-3.3.8.Final.jar!/:3.3.8.Final]
	at org.xnio.nio.NioSocketConduit.terminateWrites(NioSocketConduit.java:223) ~[xnio-nio-3.3.8.Final.jar!/:3.3.8.Final]
	at org.xnio.nio.NioSocketConduit.truncateWrites(NioSocketConduit.java:228) ~[xnio-nio-3.3.8.Final.jar!/:3.3.8.Final]
	at io.undertow.conduits.IdleTimeoutConduit.truncateWrites(IdleTimeoutConduit.java:387) ~[undertow-core-2.0.26.Final.jar!/:2.0.26.Final]
	at org.xnio.conduits.ConduitStreamSinkChannel.close(ConduitStreamSinkChannel.java:186) ~[xnio-api-3.3.8.Final.jar!/:3.3.8.Final]
	at org.xnio.IoUtils.safeClose(IoUtils.java:134) ~[xnio-api-3.3.8.Final.jar!/:3.3.8.Final]
	at org.xnio.conduits.WriteReadyHandler$ChannelListenerHandler.forceTermination(WriteReadyHandler.java:57) ~[xnio-api-3.3.8.Final.jar!/:3.3.8.Final]
	at org.xnio.nio.NioSocketConduit.forceTermination(NioSocketConduit.java:107) ~[xnio-nio-3.3.8.Final.jar!/:3.3.8.Final]
	at org.xnio.nio.WorkerThread.run(WorkerThread.java:494) ~[xnio-nio-3.3.8.Final.jar!/:3.3.8.Final]

2020-04-26 17:33:12.213  INFO 10064 --- [main] lavalink.server.Launcher                 : 

[32m       .  [31m _                  _ _       _    [32m__ _ _
[32m      /\\ [31m| | __ ___   ____ _| (_)_ __ | | __[32m\ \ \ \
[32m     ( ( )[31m| |/ _` \ \ / / _` | | | '_ \| |/ /[32m \ \ \ \
[32m      \\/ [31m| | (_| |\ V / (_| | | | | | |   < [32m  ) ) ) )
[32m       '  [31m|_|\__,_| \_/ \__,_|_|_|_| |_|_|\_\[32m / / / /
[0m    =========================================[32m/_/_/_/[0m

	Version:        e7220eaecb3f1db1cd21a1c1ba47d464358b141f-SNAPSHOT
	Build:          1002
	Build time:     28.03.2020 19:31:09 UTC
	Branch          master
	Commit:         e7220ea
	Commit time:    28.03.2020 19:29:10 UTC
	JVM:            13.0.2
	Lavaplayer      1.3.38

2020-04-26 17:33:12.451  INFO 10064 --- [main] lavalink.server.Launcher                 : Starting Launcher on DESKTOP-HOB91CD with PID 10064 (E:\Open Source Pro\discord-bot\Lavalink\Lavalink.jar started by Abimael Barrera in E:\Open Source Pro\discord-bot)
2020-04-26 17:33:12.453  INFO 10064 --- [main] lavalink.server.Launcher                 : No active profile set, falling back to default profiles: default
2020-04-26 17:33:12.673  WARN 10064 --- [background-preinit] o.s.h.c.j.Jackson2ObjectMapperBuilder    : For Jackson Kotlin classes support please add "com.fasterxml.jackson.module:jackson-module-kotlin" to the classpath
2020-04-26 17:33:16.209  WARN 10064 --- [main] io.undertow.websockets.jsr               : UT026010: Buffer pool was not set on WebSocketDeploymentInfo, the default pool will be used
2020-04-26 17:33:16.263  INFO 10064 --- [main] io.undertow.servlet                      : Initializing Spring embedded WebApplicationContext
2020-04-26 17:33:16.264  INFO 10064 --- [main] o.s.web.context.ContextLoader            : Root WebApplicationContext: initialization completed in 3673 ms
2020-04-26 17:33:17.143  WARN 10064 --- [main] l.server.config.SentryConfiguration      : Turning off sentry
2020-04-26 17:33:17.170  INFO 10064 --- [main] l.s.c.AudioSendFactoryConfiguration      : OS: Windows 10, Arch: amd64
2020-04-26 17:33:17.174  INFO 10064 --- [main] l.s.c.AudioSendFactoryConfiguration      : JDA-NAS supported system detected. Enabled native audio sending.
2020-04-26 17:33:17.176  INFO 10064 --- [main] l.s.c.AudioSendFactoryConfiguration      : Setting buffer to 400ms
2020-04-26 17:33:17.178  INFO 10064 --- [main] l.s.c.AudioSendFactoryConfiguration      : Setting playlist load limit to 6
2020-04-26 17:33:17.946  INFO 10064 --- [main] c.s.d.l.tools.GarbageCollectionMonitor   : GC monitoring enabled, reporting results every 2 minutes.
2020-04-26 17:33:19.614  INFO 10064 --- [main] o.s.s.concurrent.ThreadPoolTaskExecutor  : Initializing ExecutorService 'applicationTaskExecutor'
2020-04-26 17:33:21.624  INFO 10064 --- [main] org.xnio                                 : XNIO version 3.3.8.Final
2020-04-26 17:33:21.660  INFO 10064 --- [main] org.xnio.nio                             : XNIO NIO Implementation Version 3.3.8.Final
2020-04-26 17:33:22.314  INFO 10064 --- [main] o.s.b.w.e.u.UndertowServletWebServer     : Undertow started on port(s) 2333 (http) with context path ''
2020-04-26 17:33:22.324  INFO 10064 --- [main] lavalink.server.Launcher                 : Started Launcher in 11.129 seconds (JVM running for 12.504)
2020-04-26 17:33:22.469  INFO 10064 --- [XNIO-1 task-1] io.undertow.servlet                      : Initializing Spring DispatcherServlet 'dispatcherServlet'
2020-04-26 17:33:22.471  INFO 10064 --- [XNIO-1 task-1] o.s.web.servlet.DispatcherServlet        : Initializing Servlet 'dispatcherServlet'
2020-04-26 17:33:22.488  INFO 10064 --- [XNIO-1 task-1] o.s.web.servlet.DispatcherServlet        : Completed initialization in 15 ms
2020-04-26 17:33:22.540  INFO 10064 --- [XNIO-1 task-1] l.server.io.HandshakeInterceptorImpl     : Incoming connection from /127.0.0.1:50094
2020-04-26 17:33:22.872  INFO 10064 --- [XNIO-1 task-1] lavalink.server.io.SocketServer          : Connection successfully established from /127.0.0.1:50094
2020-04-26 17:33:29.735  INFO 10064 --- [XNIO-1 I/O-2] lavalink.server.io.SocketServer          : {"sessionId":"81010eab002767e16e744dc98f321563","op":"voiceUpdate","guildId":"356575333899829258","event":{"token":"e2798606c61c01c5","guild_id":"356575333899829258","endpoint":"us-central812.discord.media:80"}}
2020-04-26 17:33:29.757  INFO 10064 --- [XNIO-1 task-2] l.server.player.AudioLoaderRestHandler   : GET /loadtracks
2020-04-26 17:33:30.022  INFO 10064 --- [parallel-2] com.jcabi.manifests.Manifests            : 73 attributes loaded from 84 stream(s) in 234ms, 73 saved, 1240 ignored: ["Ant-Version", "Archiver-Version", "Automatic-Module-Name", "Bnd-LastModified", "Build-Jdk", "Build-Jdk-Spec", "Build-Time", "Built-By", "Bundle-ActivationPolicy", "Bundle-Activator", "Bundle-Category", "Bundle-Description", "Bundle-DocURL", "Bundle-License", "Bundle-ManifestVersion", "Bundle-Name", "Bundle-NativeCode", "Bundle-RequiredExecutionEnvironment", "Bundle-SymbolicName", "Bundle-Vendor", "Bundle-Version", "Copyright", "Created-By", "Export-Package", "Extension-Name", "Git-Revision", "Implementation-Build", "Implementation-Build-Date", "Implementation-Title", "Implementation-URL", "Implementation-Vendor", "Implementation-Vendor-Id", "Implementation-Version", "Import-Package", "Include-Resource", "JCabi-Build", "JCabi-Date", "JCabi-Version", "Jar-Name", "Jar-Version", "Java-Vendor", "Java-Version", "Kotlin-Runtime-Component", "Kotlin-Version", "Log4jReleaseKey", "Log4jReleaseManager", "Log4jReleaseVersion", "Magma-Version", "Main-Class", "Manifest-Version", "Multi-Release", "Originally-Created-By", "Os-Arch", "Os-Name", "Os-Version", "Private-Package", "Provide-Capability", "Require-Bundle", "Require-Capability", "Scm-Connection", "Scm-Revision", "Scm-Url", "Specification-Title", "Specification-Vendor", "Specification-Version", "Spring-Boot-Classes", "Spring-Boot-Lib", "Spring-Boot-Version", "Start-Class", "Tool", "X-Compile-Source-JDK", "X-Compile-Target-JDK", "url"]
2020-04-26 17:33:31.988  WARN 10064 --- [lava-daemon-pool-info-loader-2-thread-1] c.s.d.l.p.DefaultAudioPlayerManager      : Suspicious exception for loading item https://www.youtube.com/watch?v=k84oqYnGyLo&list=RDk84oqYnGyLo&start_radio=1

com.sedmelluq.discord.lavaplayer.tools.FriendlyException: Could not find tracks from mix.
	at com.sedmelluq.discord.lavaplayer.source.youtube.YoutubeMixProvider.loadMixWithId(YoutubeMixProvider.java:99) ~[lavaplayer-1.3.38.jar!/:na]
	at com.sedmelluq.discord.lavaplayer.source.youtube.YoutubeAudioSourceManager$LoadingRoutes.mix(YoutubeAudioSourceManager.java:249) ~[lavaplayer-1.3.38.jar!/:na]
	at com.sedmelluq.discord.lavaplayer.source.youtube.YoutubeAudioSourceManager$LoadingRoutes.mix(YoutubeAudioSourceManager.java:228) ~[lavaplayer-1.3.38.jar!/:na]
	at com.sedmelluq.discord.lavaplayer.source.youtube.DefaultYoutubeLinkRouter.routeFromUrlWithVideoId(DefaultYoutubeLinkRouter.java:91) ~[lavaplayer-1.3.38.jar!/:na]
	at com.sedmelluq.discord.lavaplayer.source.youtube.DefaultYoutubeLinkRouter.routeFromMainDomain(DefaultYoutubeLinkRouter.java:61) ~[lavaplayer-1.3.38.jar!/:na]
	at com.sedmelluq.discord.lavaplayer.source.youtube.DefaultYoutubeLinkRouter.route(DefaultYoutubeLinkRouter.java:39) ~[lavaplayer-1.3.38.jar!/:na]
	at com.sedmelluq.discord.lavaplayer.source.youtube.YoutubeAudioSourceManager.loadItemOnce(YoutubeAudioSourceManager.java:196) ~[lavaplayer-1.3.38.jar!/:na]
	at com.sedmelluq.discord.lavaplayer.source.youtube.YoutubeAudioSourceManager.loadItem(YoutubeAudioSourceManager.java:133) ~[lavaplayer-1.3.38.jar!/:na]
	at com.sedmelluq.discord.lavaplayer.player.DefaultAudioPlayerManager.checkSourcesForItemOnce(DefaultAudioPlayerManager.java:437) ~[lavaplayer-1.3.38.jar!/:na]
	at com.sedmelluq.discord.lavaplayer.player.DefaultAudioPlayerManager.checkSourcesForItem(DefaultAudioPlayerManager.java:419) ~[lavaplayer-1.3.38.jar!/:na]
	at com.sedmelluq.discord.lavaplayer.player.DefaultAudioPlayerManager.lambda$createItemLoader$0(DefaultAudioPlayerManager.java:218) ~[lavaplayer-1.3.38.jar!/:na]
	at java.base/java.util.concurrent.FutureTask.run(FutureTask.java:264) ~[na:na]
	at java.base/java.util.concurrent.ThreadPoolExecutor.runWorker(ThreadPoolExecutor.java:1128) ~[na:na]
	at java.base/java.util.concurrent.ThreadPoolExecutor$Worker.run(ThreadPoolExecutor.java:628) ~[na:na]
	at java.base/java.lang.Thread.run(Thread.java:830) ~[na:na]

2020-04-26 17:33:31.995 ERROR 10064 --- [lava-daemon-pool-info-loader-2-thread-1] lavalink.server.player.AudioLoader       : Load failed

com.sedmelluq.discord.lavaplayer.tools.FriendlyException: Could not find tracks from mix.
	at com.sedmelluq.discord.lavaplayer.source.youtube.YoutubeMixProvider.loadMixWithId(YoutubeMixProvider.java:99) ~[lavaplayer-1.3.38.jar!/:na]
	at com.sedmelluq.discord.lavaplayer.source.youtube.YoutubeAudioSourceManager$LoadingRoutes.mix(YoutubeAudioSourceManager.java:249) ~[lavaplayer-1.3.38.jar!/:na]
	at com.sedmelluq.discord.lavaplayer.source.youtube.YoutubeAudioSourceManager$LoadingRoutes.mix(YoutubeAudioSourceManager.java:228) ~[lavaplayer-1.3.38.jar!/:na]
	at com.sedmelluq.discord.lavaplayer.source.youtube.DefaultYoutubeLinkRouter.routeFromUrlWithVideoId(DefaultYoutubeLinkRouter.java:91) ~[lavaplayer-1.3.38.jar!/:na]
	at com.sedmelluq.discord.lavaplayer.source.youtube.DefaultYoutubeLinkRouter.routeFromMainDomain(DefaultYoutubeLinkRouter.java:61) ~[lavaplayer-1.3.38.jar!/:na]
	at com.sedmelluq.discord.lavaplayer.source.youtube.DefaultYoutubeLinkRouter.route(DefaultYoutubeLinkRouter.java:39) ~[lavaplayer-1.3.38.jar!/:na]
	at com.sedmelluq.discord.lavaplayer.source.youtube.YoutubeAudioSourceManager.loadItemOnce(YoutubeAudioSourceManager.java:196) ~[lavaplayer-1.3.38.jar!/:na]
	at com.sedmelluq.discord.lavaplayer.source.youtube.YoutubeAudioSourceManager.loadItem(YoutubeAudioSourceManager.java:133) ~[lavaplayer-1.3.38.jar!/:na]
	at com.sedmelluq.discord.lavaplayer.player.DefaultAudioPlayerManager.checkSourcesForItemOnce(DefaultAudioPlayerManager.java:437) ~[lavaplayer-1.3.38.jar!/:na]
	at com.sedmelluq.discord.lavaplayer.player.DefaultAudioPlayerManager.checkSourcesForItem(DefaultAudioPlayerManager.java:419) ~[lavaplayer-1.3.38.jar!/:na]
	at com.sedmelluq.discord.lavaplayer.player.DefaultAudioPlayerManager.lambda$createItemLoader$0(DefaultAudioPlayerManager.java:218) ~[lavaplayer-1.3.38.jar!/:na]
	at java.base/java.util.concurrent.FutureTask.run(FutureTask.java:264) ~[na:na]
	at java.base/java.util.concurrent.ThreadPoolExecutor.runWorker(ThreadPoolExecutor.java:1128) ~[na:na]
	at java.base/java.util.concurrent.ThreadPoolExecutor$Worker.run(ThreadPoolExecutor.java:628) ~[na:na]
	at java.base/java.lang.Thread.run(Thread.java:830) ~[na:na]

2020-04-26 17:33:53.488  INFO 10064 --- [XNIO-1 I/O-2] lavalink.server.io.SocketServer          : Connection closed from /127.0.0.1:50094 -- CloseStatus[code=1006, reason=]
2020-04-26 17:33:53.489  INFO 10064 --- [XNIO-1 I/O-2] lavalink.server.io.SocketContext         : Shutting down 0 playing players.
2020-04-26 17:34:32.460  INFO 10064 --- [XNIO-1 task-4] l.server.io.HandshakeInterceptorImpl     : Incoming connection from /127.0.0.1:50118
2020-04-26 17:34:32.493  INFO 10064 --- [XNIO-1 task-4] lavalink.server.io.SocketServer          : Connection successfully established from /127.0.0.1:50118
2020-04-26 17:34:37.147  INFO 10064 --- [XNIO-1 task-5] l.server.player.AudioLoaderRestHandler   : GET /loadtracks
2020-04-26 17:34:37.178  INFO 10064 --- [XNIO-1 I/O-2] lavalink.server.io.SocketServer          : {"sessionId":"daebc6b247375aa67360ca1c914c67a1","op":"voiceUpdate","guildId":"356575333899829258","event":{"token":"e2798606c61c01c5","guild_id":"356575333899829258","endpoint":"us-central812.discord.media:80"}}
2020-04-26 17:34:38.498  INFO 10064 --- [lava-daemon-pool-info-loader-2-thread-1] lavalink.server.player.AudioLoader       : Loaded track Guitar Vibe ? lofi hiphop mix
2020-04-26 17:34:38.519  INFO 10064 --- [XNIO-1 I/O-2] lavalink.server.io.SocketServer          : {"op":"play","guildId":"356575333899829258","track":"QAAAfwIAH0d1aXRhciBWaWJlIOKXjyBsb2ZpIGhpcGhvcCBtaXgABkRyZWFteQAAAAAALcLYAAtvOVBody1jSnFCUQABACtodHRwczovL3d3dy55b3V0dWJlLmNvbS93YXRjaD92PW85UGh3LWNKcUJRAAd5b3V0dWJlAAAAAAAAAAA=","volume":100}
2020-04-26 17:35:53.454  INFO 10064 --- [XNIO-1 I/O-2] lavalink.server.io.SocketServer          : Connection closed from /127.0.0.1:50118 -- CloseStatus[code=1006, reason=]
2020-04-26 17:35:53.456  INFO 10064 --- [XNIO-1 I/O-2] lavalink.server.io.SocketContext         : Shutting down 1 playing players.
2020-04-26 17:36:18.812  INFO 10064 --- [XNIO-1 task-7] l.server.io.HandshakeInterceptorImpl     : Incoming connection from /127.0.0.1:50137
2020-04-26 17:36:18.832  INFO 10064 --- [XNIO-1 task-7] lavalink.server.io.SocketServer          : Connection successfully established from /127.0.0.1:50137
2020-04-26 17:36:21.355  INFO 10064 --- [XNIO-1 task-8] l.server.player.AudioLoaderRestHandler   : GET /loadtracks
2020-04-26 17:36:21.396  INFO 10064 --- [XNIO-1 I/O-1] lavalink.server.io.SocketServer          : {"sessionId":"b4dc0295b7ce3fe411721fcdf58ef537","op":"voiceUpdate","guildId":"356575333899829258","event":{"token":"5df90b15ead9ce05","guild_id":"356575333899829258","endpoint":"us-central812.discord.media:80"}}
2020-04-26 17:36:22.001  INFO 10064 --- [lava-daemon-pool-info-loader-2-thread-1] lavalink.server.player.AudioLoader       : Loaded playlist Search results for: Guitar Vibe ? lofi hiphop mix
2020-04-26 17:36:22.036  INFO 10064 --- [XNIO-1 I/O-1] lavalink.server.io.SocketServer          : {"op":"play","guildId":"356575333899829258","track":"QAAAfwIAH0d1aXRhciBWaWJlIOKXjyBsb2ZpIGhpcGhvcCBtaXgABkRyZWFteQAAAAAALcbAAAtvOVBody1jSnFCUQABACtodHRwczovL3d3dy55b3V0dWJlLmNvbS93YXRjaD92PW85UGh3LWNKcUJRAAd5b3V0dWJlAAAAAAAAAAA=","volume":100}
2020-04-26 17:46:10.612  INFO 10064 --- [XNIO-1 I/O-1] lavalink.server.io.SocketServer          : Connection closed from /127.0.0.1:50137 -- CloseStatus[code=1006, reason=]
2020-04-26 17:46:10.613  INFO 10064 --- [XNIO-1 I/O-1] lavalink.server.io.SocketContext         : Shutting down 1 playing players.
2020-04-26 17:46:15.690  INFO 10064 --- [Thread-1] o.s.s.concurrent.ThreadPoolTaskExecutor  : Shutting down ExecutorService 'applicationTaskExecutor'
2020-04-26 17:46:15.692  INFO 10064 --- [Thread-1] c.s.d.l.tools.GarbageCollectionMonitor   : GC monitoring disabled.
2020-04-26 17:46:15.698  INFO 10064 --- [Thread-1] io.undertow.servlet                      : Destroying Spring FrameworkServlet 'dispatcherServlet'
