2020-03-05 13:42:12.717  INFO 13296 --- [main] lavalink.server.Launcher                 : 

[32m       .  [31m _                  _ _       _    [32m__ _ _
[32m      /\\ [31m| | __ ___   ____ _| (_)_ __ | | __[32m\ \ \ \
[32m     ( ( )[31m| |/ _` \ \ / / _` | | | '_ \| |/ /[32m \ \ \ \
[32m      \\/ [31m| | (_| |\ V / (_| | | | | | |   < [32m  ) ) ) )
[32m       '  [31m|_|\__,_| \_/ \__,_|_|_|_| |_|_|\_\[32m / / / /
[0m    =========================================[32m/_/_/_/[0m

	Version:        4f53d09491ba5254eb5c55c234a63b208388d3ef-SNAPSHOT
	Build:          982
	Build time:     18.02.2020 01:14:32 UTC
	Branch          master
	Commit:         4f53d09
	Commit time:    28.12.2019 17:00:51 UTC
	JVM:            13.0.2
	Lavaplayer      1.3.32

2020-03-05 13:42:13.104  INFO 13296 --- [main] lavalink.server.Launcher                 : Starting Launcher on DESKTOP-HOB91CD with PID 13296 (E:\Open Source Pro\discord-bot\lavalink\Lavalink.jar started by Abimael Barrera in E:\Open Source Pro\discord-bot\lavalink)
2020-03-05 13:42:13.107  INFO 13296 --- [main] lavalink.server.Launcher                 : No active profile set, falling back to default profiles: default
2020-03-05 13:42:13.348  WARN 13296 --- [background-preinit] o.s.h.c.j.Jackson2ObjectMapperBuilder    : For Jackson Kotlin classes support please add "com.fasterxml.jackson.module:jackson-module-kotlin" to the classpath
2020-03-05 13:42:17.646  WARN 13296 --- [main] io.undertow.websockets.jsr               : UT026010: Buffer pool was not set on WebSocketDeploymentInfo, the default pool will be used
2020-03-05 13:42:17.723  INFO 13296 --- [main] io.undertow.servlet                      : Initializing Spring embedded WebApplicationContext
2020-03-05 13:42:17.729  INFO 13296 --- [main] o.s.web.context.ContextLoader            : Root WebApplicationContext: initialization completed in 4477 ms
2020-03-05 13:42:18.598  WARN 13296 --- [main] l.server.config.SentryConfiguration      : Turning off sentry
2020-03-05 13:42:18.612  INFO 13296 --- [main] l.s.c.AudioSendFactoryConfiguration      : OS: Windows 10, Arch: amd64
2020-03-05 13:42:18.633  INFO 13296 --- [main] l.s.c.AudioSendFactoryConfiguration      : JDA-NAS supported system detected. Enabled native audio sending.
2020-03-05 13:42:18.634  INFO 13296 --- [main] l.s.c.AudioSendFactoryConfiguration      : Setting buffer to 400ms
2020-03-05 13:42:18.638  INFO 13296 --- [main] l.s.c.AudioSendFactoryConfiguration      : Setting playlist load limit to 6
2020-03-05 13:42:19.578  INFO 13296 --- [main] c.s.d.l.tools.GarbageCollectionMonitor   : GC monitoring enabled, reporting results every 2 minutes.
2020-03-05 13:42:20.603  INFO 13296 --- [main] o.s.s.concurrent.ThreadPoolTaskExecutor  : Initializing ExecutorService 'applicationTaskExecutor'
2020-03-05 13:42:21.700  INFO 13296 --- [main] org.xnio                                 : XNIO version 3.3.8.Final
2020-03-05 13:42:21.780  INFO 13296 --- [main] org.xnio.nio                             : XNIO NIO Implementation Version 3.3.8.Final
2020-03-05 13:42:22.765  INFO 13296 --- [main] o.s.b.w.e.u.UndertowServletWebServer     : Undertow started on port(s) 2333 (http) with context path ''
2020-03-05 13:42:22.774  INFO 13296 --- [main] lavalink.server.Launcher                 : Started Launcher in 11.111 seconds (JVM running for 12.324)
2020-03-05 13:42:37.280  INFO 13296 --- [XNIO-1 task-1] io.undertow.servlet                      : Initializing Spring DispatcherServlet 'dispatcherServlet'
2020-03-05 13:42:37.282  INFO 13296 --- [XNIO-1 task-1] o.s.web.servlet.DispatcherServlet        : Initializing Servlet 'dispatcherServlet'
2020-03-05 13:42:37.295  INFO 13296 --- [XNIO-1 task-1] o.s.web.servlet.DispatcherServlet        : Completed initialization in 12 ms
2020-03-05 13:42:37.332  INFO 13296 --- [XNIO-1 task-1] l.server.io.HandshakeInterceptorImpl     : Incoming connection from /127.0.0.1:55411
2020-03-05 13:42:37.457  INFO 13296 --- [XNIO-1 task-1] c.s.d.l.tools.GarbageCollectionMonitor   : GC monitoring enabled, reporting results every 2 minutes.
2020-03-05 13:42:37.618  INFO 13296 --- [XNIO-1 task-1] lavalink.server.io.SocketServer          : Connection successfully established from /127.0.0.1:55411
2020-03-05 13:43:01.656  INFO 13296 --- [XNIO-1 I/O-3] lavalink.server.io.SocketServer          : {"sessionId":"c8ad143bed898318d8547eb0a2d68cdc","op":"voiceUpdate","guildId":"356575333899829258","event":{"token":"64bb2fd8d8cd30ea","guild_id":"356575333899829258","endpoint":"us-central176.discord.media:80"}}
2020-03-05 13:43:01.809  INFO 13296 --- [XNIO-1 task-2] l.server.player.AudioLoaderRestHandler   : GET /loadtracks
2020-03-05 13:43:03.919  INFO 13296 --- [lava-daemon-pool-info-loader-2-thread-1] lavalink.server.player.AudioLoader       : No matches found
2020-03-05 13:43:19.777  INFO 13296 --- [parallel-4] s.n.m.impl.connections.AudioWebSocket    : Websocket to wss://us-central176.discord.media/?v=4 closed with code 4014 and reason Disconnected.
2020-03-05 13:43:19.824  INFO 13296 --- [parallel-4] s.n.m.impl.connections.AudioWebSocket    : Closing
2020-03-05 13:43:28.759  INFO 13296 --- [XNIO-1 task-4] l.server.player.AudioLoaderRestHandler   : GET /loadtracks
2020-03-05 13:43:29.322  INFO 13296 --- [lava-daemon-pool-info-loader-2-thread-1] lavalink.server.player.AudioLoader       : No matches found
2020-03-05 13:43:55.893  INFO 13296 --- [XNIO-1 task-6] l.server.player.AudioLoaderRestHandler   : GET /loadtracks
2020-03-05 13:43:56.569  INFO 13296 --- [lava-daemon-pool-info-loader-2-thread-1] lavalink.server.player.AudioLoader       : No matches found
2020-03-05 13:45:53.979  INFO 13296 --- [XNIO-1 I/O-3] lavalink.server.io.SocketServer          : Connection closed from /127.0.0.1:55411 -- CloseStatus[code=1006, reason=]
2020-03-05 13:45:53.981  INFO 13296 --- [XNIO-1 I/O-3] lavalink.server.io.SocketContext         : Shutting down 0 playing players.
2020-03-05 13:45:53.982  INFO 13296 --- [XNIO-1 I/O-3] c.s.d.l.tools.GarbageCollectionMonitor   : GC monitoring disabled.
2020-03-05 13:46:01.175  INFO 13296 --- [XNIO-1 task-8] l.server.io.HandshakeInterceptorImpl     : Incoming connection from /127.0.0.1:55435
2020-03-05 13:46:01.182  INFO 13296 --- [XNIO-1 task-8] c.s.d.l.tools.GarbageCollectionMonitor   : GC monitoring enabled, reporting results every 2 minutes.
2020-03-05 13:46:01.189  INFO 13296 --- [XNIO-1 task-8] lavalink.server.io.SocketServer          : Connection successfully established from /127.0.0.1:55435
2020-03-05 13:46:56.262  INFO 13296 --- [XNIO-1 I/O-3] lavalink.server.io.SocketServer          : Connection closed from /127.0.0.1:55435 -- CloseStatus[code=1006, reason=]
2020-03-05 13:46:56.264  INFO 13296 --- [XNIO-1 I/O-3] lavalink.server.io.SocketContext         : Shutting down 0 playing players.
2020-03-05 13:46:56.267  INFO 13296 --- [XNIO-1 I/O-3] c.s.d.l.tools.GarbageCollectionMonitor   : GC monitoring disabled.
2020-03-05 13:47:02.674  INFO 13296 --- [XNIO-1 task-9] l.server.io.HandshakeInterceptorImpl     : Incoming connection from /127.0.0.1:55443
2020-03-05 13:47:02.694  INFO 13296 --- [XNIO-1 task-9] c.s.d.l.tools.GarbageCollectionMonitor   : GC monitoring enabled, reporting results every 2 minutes.
2020-03-05 13:47:02.702  INFO 13296 --- [XNIO-1 task-9] lavalink.server.io.SocketServer          : Connection successfully established from /127.0.0.1:55443
2020-03-05 13:47:14.457  INFO 13296 --- [XNIO-1 task-10] l.server.player.AudioLoaderRestHandler   : GET /loadtracks
2020-03-05 13:47:14.498  INFO 13296 --- [XNIO-1 I/O-3] lavalink.server.io.SocketServer          : {"sessionId":"2f3a665726b57e960df6ac753a24eeea","op":"voiceUpdate","guildId":"356575333899829258","event":{"token":"d362cd2e06e9031d","guild_id":"356575333899829258","endpoint":"us-central176.discord.media:80"}}
2020-03-05 13:47:14.974  INFO 13296 --- [lava-daemon-pool-info-loader-2-thread-1] lavalink.server.player.AudioLoader       : No matches found
2020-03-05 13:47:28.572  INFO 13296 --- [parallel-2] s.n.m.impl.connections.AudioWebSocket    : Websocket to wss://us-central176.discord.media/?v=4 closed with code 4014 and reason Disconnected.
2020-03-05 13:47:28.579  INFO 13296 --- [parallel-2] s.n.m.impl.connections.AudioWebSocket    : Closing
2020-03-05 13:48:59.146  INFO 13296 --- [XNIO-1 I/O-3] lavalink.server.io.SocketServer          : Connection closed from /127.0.0.1:55443 -- CloseStatus[code=1006, reason=]
2020-03-05 13:48:59.148  INFO 13296 --- [XNIO-1 I/O-3] lavalink.server.io.SocketContext         : Shutting down 0 playing players.
2020-03-05 13:48:59.149  INFO 13296 --- [XNIO-1 I/O-3] c.s.d.l.tools.GarbageCollectionMonitor   : GC monitoring disabled.
2020-03-05 13:49:05.701  INFO 13296 --- [XNIO-1 task-12] l.server.io.HandshakeInterceptorImpl     : Incoming connection from /127.0.0.1:55462
2020-03-05 13:49:05.717  INFO 13296 --- [XNIO-1 task-12] c.s.d.l.tools.GarbageCollectionMonitor   : GC monitoring enabled, reporting results every 2 minutes.
2020-03-05 13:49:05.723  INFO 13296 --- [XNIO-1 task-12] lavalink.server.io.SocketServer          : Connection successfully established from /127.0.0.1:55462
2020-03-05 13:49:28.235  INFO 13296 --- [XNIO-1 task-13] l.server.player.AudioLoaderRestHandler   : GET /loadtracks
2020-03-05 13:49:28.289  INFO 13296 --- [XNIO-1 I/O-2] lavalink.server.io.SocketServer          : {"sessionId":"df2b4b17013c13e49c6ae56e819985fb","op":"voiceUpdate","guildId":"356575333899829258","event":{"token":"cf58be9862310f50","guild_id":"356575333899829258","endpoint":"us-central176.discord.media:80"}}
2020-03-05 13:49:28.783  INFO 13296 --- [lava-daemon-pool-info-loader-2-thread-1] lavalink.server.player.AudioLoader       : Loaded playlist Search results for: p
2020-03-05 13:49:28.835  INFO 13296 --- [XNIO-1 I/O-2] lavalink.server.io.SocketServer          : {"op":"play","guildId":"356575333899829258","track":"QAAAwwIAWVAhbmsgJiBXaWxsb3cgU2FnZSBIYXJ0IChQIW5r4oCZcyBEYXVnaHRlcikgLSBBIE1pbGxpb24gRHJlYW1zL0EgTWlsbGlvbiBEcmVhbXMgKFJlcHJpc2UpABBBdGxhbnRpYyBSZWNvcmRzAAAAAAACt1AAC1Yxd2VWR1VtTlRBAAEAK2h0dHBzOi8vd3d3LnlvdXR1YmUuY29tL3dhdGNoP3Y9VjF3ZVZHVW1OVEEAB3lvdXR1YmUAAAAAAAAAAA==","volume":100}
2020-03-05 13:49:58.536  INFO 13296 --- [parallel-3] s.n.m.impl.connections.AudioWebSocket    : Websocket to wss://us-central176.discord.media/?v=4 closed with code 4014 and reason Disconnected.
2020-03-05 13:49:58.542  INFO 13296 --- [parallel-3] s.n.m.impl.connections.AudioWebSocket    : Closing
2020-03-05 13:50:29.787  INFO 13296 --- [XNIO-1 task-15] l.server.player.AudioLoaderRestHandler   : GET /loadtracks
2020-03-05 13:50:30.256  INFO 13296 --- [lava-daemon-pool-info-loader-2-thread-1] lavalink.server.player.AudioLoader       : Loaded playlist Search results for: p
2020-03-05 13:50:40.733  INFO 13296 --- [XNIO-1 I/O-2] lavalink.server.io.SocketServer          : Connection closed from /127.0.0.1:55462 -- CloseStatus[code=1006, reason=]
2020-03-05 13:50:40.734  INFO 13296 --- [XNIO-1 I/O-2] lavalink.server.io.SocketContext         : Shutting down 1 playing players.
2020-03-05 13:50:40.736  INFO 13296 --- [XNIO-1 I/O-2] c.s.d.l.tools.GarbageCollectionMonitor   : GC monitoring disabled.
2020-03-05 13:50:40.749  WARN 13296 --- [lava-daemon-pool-playback-17-thread-1] c.s.d.l.t.p.LocalAudioTrackExecutor      : Suspicious exception for playback of V1weVGUmNTA

com.sedmelluq.discord.lavaplayer.tools.FriendlyException: The track was unexpectedly terminated.
	at com.sedmelluq.discord.lavaplayer.track.playback.LocalAudioTrackExecutor.handlePlaybackInterrupt(LocalAudioTrackExecutor.java:334) ~[lavaplayer-1.3.32.jar!/:na]
	at com.sedmelluq.discord.lavaplayer.track.playback.LocalAudioTrackExecutor.executeProcessingLoop(LocalAudioTrackExecutor.java:278) ~[lavaplayer-1.3.32.jar!/:na]
	at com.sedmelluq.discord.lavaplayer.track.playback.LocalAudioTrackExecutor.executeProcessingLoop(LocalAudioTrackExecutor.java:236) ~[lavaplayer-1.3.32.jar!/:na]
	at com.sedmelluq.discord.lavaplayer.container.matroska.MatroskaAudioTrack.process(MatroskaAudioTrack.java:39) ~[lavaplayer-1.3.32.jar!/:na]
	at com.sedmelluq.discord.lavaplayer.track.DelegatedAudioTrack.processDelegate(DelegatedAudioTrack.java:25) ~[lavaplayer-1.3.32.jar!/:na]
	at com.sedmelluq.discord.lavaplayer.source.youtube.YoutubeAudioTrack.processStatic(YoutubeAudioTrack.java:57) ~[lavaplayer-1.3.32.jar!/:na]
	at com.sedmelluq.discord.lavaplayer.source.youtube.YoutubeAudioTrack.process(YoutubeAudioTrack.java:49) ~[lavaplayer-1.3.32.jar!/:na]
	at com.sedmelluq.discord.lavaplayer.track.playback.LocalAudioTrackExecutor.execute(LocalAudioTrackExecutor.java:91) ~[lavaplayer-1.3.32.jar!/:na]
	at com.sedmelluq.discord.lavaplayer.player.DefaultAudioPlayerManager.lambda$executeTrack$1(DefaultAudioPlayerManager.java:349) ~[lavaplayer-1.3.32.jar!/:na]
	at java.base/java.util.concurrent.ThreadPoolExecutor.runWorker(ThreadPoolExecutor.java:1128) ~[na:na]
	at java.base/java.util.concurrent.ThreadPoolExecutor$Worker.run(ThreadPoolExecutor.java:628) ~[na:na]
	at java.base/java.lang.Thread.run(Thread.java:830) ~[na:na]
Caused by: java.lang.InterruptedException: null
	at java.base/java.util.concurrent.locks.AbstractQueuedSynchronizer$ConditionObject.reportInterruptAfterWait(AbstractQueuedSynchronizer.java:2056) ~[na:na]
	at java.base/java.util.concurrent.locks.AbstractQueuedSynchronizer$ConditionObject.await(AbstractQueuedSynchronizer.java:2090) ~[na:na]
	at java.base/java.util.concurrent.ArrayBlockingQueue.put(ArrayBlockingQueue.java:367) ~[na:na]
	at com.sedmelluq.discord.lavaplayer.track.playback.AllocatingAudioFrameBuffer.consume(AllocatingAudioFrameBuffer.java:179) ~[lavaplayer-1.3.32.jar!/:na]
	at com.sedmelluq.discord.lavaplayer.container.common.OpusPacketRouter.passThrough(OpusPacketRouter.java:169) ~[lavaplayer-1.3.32.jar!/:na]
	at com.sedmelluq.discord.lavaplayer.container.common.OpusPacketRouter.process(OpusPacketRouter.java:99) ~[lavaplayer-1.3.32.jar!/:na]
	at com.sedmelluq.discord.lavaplayer.container.matroska.MatroskaOpusTrackConsumer.consume(MatroskaOpusTrackConsumer.java:47) ~[lavaplayer-1.3.32.jar!/:na]
	at com.sedmelluq.discord.lavaplayer.container.matroska.MatroskaStreamingFile.processFrameInBlock(MatroskaStreamingFile.java:372) ~[lavaplayer-1.3.32.jar!/:na]
	at com.sedmelluq.discord.lavaplayer.container.matroska.MatroskaStreamingFile.parseClusterSimpleBlock(MatroskaStreamingFile.java:336) ~[lavaplayer-1.3.32.jar!/:na]
	at com.sedmelluq.discord.lavaplayer.container.matroska.MatroskaStreamingFile.parseNextCluster(MatroskaStreamingFile.java:321) ~[lavaplayer-1.3.32.jar!/:na]
	at com.sedmelluq.discord.lavaplayer.container.matroska.MatroskaStreamingFile.provideFrames(MatroskaStreamingFile.java:297) ~[lavaplayer-1.3.32.jar!/:na]
	at com.sedmelluq.discord.lavaplayer.container.matroska.MatroskaAudioTrack.lambda$process$0(MatroskaAudioTrack.java:40) ~[lavaplayer-1.3.32.jar!/:na]
	at com.sedmelluq.discord.lavaplayer.track.playback.LocalAudioTrackExecutor.executeProcessingLoop(LocalAudioTrackExecutor.java:262) ~[lavaplayer-1.3.32.jar!/:na]
	... 10 common frames omitted

2020-03-05 13:50:56.263  INFO 13296 --- [XNIO-1 task-17] l.server.io.HandshakeInterceptorImpl     : Incoming connection from /127.0.0.1:55480
2020-03-05 13:50:56.285  INFO 13296 --- [XNIO-1 task-17] c.s.d.l.tools.GarbageCollectionMonitor   : GC monitoring enabled, reporting results every 2 minutes.
2020-03-05 13:50:56.296  INFO 13296 --- [XNIO-1 task-17] lavalink.server.io.SocketServer          : Connection successfully established from /127.0.0.1:55480
2020-03-05 13:51:00.839  INFO 13296 --- [XNIO-1 task-18] l.server.player.AudioLoaderRestHandler   : GET /loadtracks
2020-03-05 13:51:00.991  INFO 13296 --- [XNIO-1 I/O-4] lavalink.server.io.SocketServer          : {"sessionId":"9514bf21f17231aff99f320aea0a3185","op":"voiceUpdate","guildId":"356575333899829258","event":{"token":"9ce91f4997dd55d9","guild_id":"356575333899829258","endpoint":"us-central176.discord.media:80"}}
2020-03-05 13:51:01.342  INFO 13296 --- [lava-daemon-pool-info-loader-2-thread-1] lavalink.server.player.AudioLoader       : Loaded playlist Search results for: p
2020-03-05 13:51:01.371  INFO 13296 --- [XNIO-1 I/O-4] lavalink.server.io.SocketServer          : {"op":"play","guildId":"356575333899829258","track":"QAAAwwIAWVAhbmsgJiBXaWxsb3cgU2FnZSBIYXJ0IChQIW5r4oCZcyBEYXVnaHRlcikgLSBBIE1pbGxpb24gRHJlYW1zL0EgTWlsbGlvbiBEcmVhbXMgKFJlcHJpc2UpABBBdGxhbnRpYyBSZWNvcmRzAAAAAAACt1AAC1Yxd2VWR1VtTlRBAAEAK2h0dHBzOi8vd3d3LnlvdXR1YmUuY29tL3dhdGNoP3Y9VjF3ZVZHVW1OVEEAB3lvdXR1YmUAAAAAAAAAAA==","volume":100}
2020-03-05 13:51:13.670  INFO 13296 --- [XNIO-1 I/O-4] lavalink.server.io.SocketServer          : Connection closed from /127.0.0.1:55480 -- CloseStatus[code=1006, reason=]
2020-03-05 13:51:13.672  INFO 13296 --- [XNIO-1 I/O-4] lavalink.server.io.SocketContext         : Shutting down 1 playing players.
2020-03-05 13:51:13.674  INFO 13296 --- [XNIO-1 I/O-4] c.s.d.l.tools.GarbageCollectionMonitor   : GC monitoring disabled.
2020-03-05 13:51:13.680  WARN 13296 --- [lava-daemon-pool-playback-21-thread-1] c.s.d.l.t.p.LocalAudioTrackExecutor      : Suspicious exception for playback of V1weVGUmNTA

com.sedmelluq.discord.lavaplayer.tools.FriendlyException: The track was unexpectedly terminated.
	at com.sedmelluq.discord.lavaplayer.track.playback.LocalAudioTrackExecutor.handlePlaybackInterrupt(LocalAudioTrackExecutor.java:334) ~[lavaplayer-1.3.32.jar!/:na]
	at com.sedmelluq.discord.lavaplayer.track.playback.LocalAudioTrackExecutor.executeProcessingLoop(LocalAudioTrackExecutor.java:278) ~[lavaplayer-1.3.32.jar!/:na]
	at com.sedmelluq.discord.lavaplayer.track.playback.LocalAudioTrackExecutor.executeProcessingLoop(LocalAudioTrackExecutor.java:236) ~[lavaplayer-1.3.32.jar!/:na]
	at com.sedmelluq.discord.lavaplayer.container.matroska.MatroskaAudioTrack.process(MatroskaAudioTrack.java:39) ~[lavaplayer-1.3.32.jar!/:na]
	at com.sedmelluq.discord.lavaplayer.track.DelegatedAudioTrack.processDelegate(DelegatedAudioTrack.java:25) ~[lavaplayer-1.3.32.jar!/:na]
	at com.sedmelluq.discord.lavaplayer.source.youtube.YoutubeAudioTrack.processStatic(YoutubeAudioTrack.java:57) ~[lavaplayer-1.3.32.jar!/:na]
	at com.sedmelluq.discord.lavaplayer.source.youtube.YoutubeAudioTrack.process(YoutubeAudioTrack.java:49) ~[lavaplayer-1.3.32.jar!/:na]
	at com.sedmelluq.discord.lavaplayer.track.playback.LocalAudioTrackExecutor.execute(LocalAudioTrackExecutor.java:91) ~[lavaplayer-1.3.32.jar!/:na]
	at com.sedmelluq.discord.lavaplayer.player.DefaultAudioPlayerManager.lambda$executeTrack$1(DefaultAudioPlayerManager.java:349) ~[lavaplayer-1.3.32.jar!/:na]
	at java.base/java.util.concurrent.ThreadPoolExecutor.runWorker(ThreadPoolExecutor.java:1128) ~[na:na]
	at java.base/java.util.concurrent.ThreadPoolExecutor$Worker.run(ThreadPoolExecutor.java:628) ~[na:na]
	at java.base/java.lang.Thread.run(Thread.java:830) ~[na:na]
Caused by: java.lang.InterruptedException: null
	at java.base/java.util.concurrent.locks.AbstractQueuedSynchronizer$ConditionObject.reportInterruptAfterWait(AbstractQueuedSynchronizer.java:2056) ~[na:na]
	at java.base/java.util.concurrent.locks.AbstractQueuedSynchronizer$ConditionObject.await(AbstractQueuedSynchronizer.java:2090) ~[na:na]
	at java.base/java.util.concurrent.ArrayBlockingQueue.put(ArrayBlockingQueue.java:367) ~[na:na]
	at com.sedmelluq.discord.lavaplayer.track.playback.AllocatingAudioFrameBuffer.consume(AllocatingAudioFrameBuffer.java:179) ~[lavaplayer-1.3.32.jar!/:na]
	at com.sedmelluq.discord.lavaplayer.container.common.OpusPacketRouter.passThrough(OpusPacketRouter.java:169) ~[lavaplayer-1.3.32.jar!/:na]
	at com.sedmelluq.discord.lavaplayer.container.common.OpusPacketRouter.process(OpusPacketRouter.java:99) ~[lavaplayer-1.3.32.jar!/:na]
	at com.sedmelluq.discord.lavaplayer.container.matroska.MatroskaOpusTrackConsumer.consume(MatroskaOpusTrackConsumer.java:47) ~[lavaplayer-1.3.32.jar!/:na]
	at com.sedmelluq.discord.lavaplayer.container.matroska.MatroskaStreamingFile.processFrameInBlock(MatroskaStreamingFile.java:372) ~[lavaplayer-1.3.32.jar!/:na]
	at com.sedmelluq.discord.lavaplayer.container.matroska.MatroskaStreamingFile.parseClusterSimpleBlock(MatroskaStreamingFile.java:336) ~[lavaplayer-1.3.32.jar!/:na]
	at com.sedmelluq.discord.lavaplayer.container.matroska.MatroskaStreamingFile.parseNextCluster(MatroskaStreamingFile.java:321) ~[lavaplayer-1.3.32.jar!/:na]
	at com.sedmelluq.discord.lavaplayer.container.matroska.MatroskaStreamingFile.provideFrames(MatroskaStreamingFile.java:297) ~[lavaplayer-1.3.32.jar!/:na]
	at com.sedmelluq.discord.lavaplayer.container.matroska.MatroskaAudioTrack.lambda$process$0(MatroskaAudioTrack.java:40) ~[lavaplayer-1.3.32.jar!/:na]
	at com.sedmelluq.discord.lavaplayer.track.playback.LocalAudioTrackExecutor.executeProcessingLoop(LocalAudioTrackExecutor.java:262) ~[lavaplayer-1.3.32.jar!/:na]
	... 10 common frames omitted

2020-03-05 13:51:19.752  INFO 13296 --- [XNIO-1 task-20] l.server.io.HandshakeInterceptorImpl     : Incoming connection from /127.0.0.1:55492
2020-03-05 13:51:19.766  INFO 13296 --- [XNIO-1 task-20] c.s.d.l.tools.GarbageCollectionMonitor   : GC monitoring enabled, reporting results every 2 minutes.
2020-03-05 13:51:19.772  INFO 13296 --- [XNIO-1 task-20] lavalink.server.io.SocketServer          : Connection successfully established from /127.0.0.1:55492
2020-03-05 13:51:49.479  INFO 13296 --- [XNIO-1 I/O-4] lavalink.server.io.SocketServer          : Connection closed from /127.0.0.1:55492 -- CloseStatus[code=1006, reason=]
2020-03-05 13:51:49.481  INFO 13296 --- [XNIO-1 I/O-4] lavalink.server.io.SocketContext         : Shutting down 0 playing players.
2020-03-05 13:51:49.482  INFO 13296 --- [XNIO-1 I/O-4] c.s.d.l.tools.GarbageCollectionMonitor   : GC monitoring disabled.
2020-03-05 13:52:46.013  INFO 13296 --- [XNIO-1 task-21] l.server.io.HandshakeInterceptorImpl     : Incoming connection from /127.0.0.1:55503
2020-03-05 13:52:46.025  INFO 13296 --- [XNIO-1 task-21] c.s.d.l.tools.GarbageCollectionMonitor   : GC monitoring enabled, reporting results every 2 minutes.
2020-03-05 13:52:46.051  INFO 13296 --- [XNIO-1 task-21] lavalink.server.io.SocketServer          : Connection successfully established from /127.0.0.1:55503
2020-03-05 13:52:52.525  INFO 13296 --- [XNIO-1 task-22] l.server.player.AudioLoaderRestHandler   : GET /loadtracks
2020-03-05 13:52:52.611  INFO 13296 --- [XNIO-1 I/O-3] lavalink.server.io.SocketServer          : {"sessionId":"ddd0bf59eb19fd6c4debd90ff69e83e5","op":"voiceUpdate","guildId":"356575333899829258","event":{"token":"464e8af8c69b8db4","guild_id":"356575333899829258","endpoint":"us-central176.discord.media:80"}}
2020-03-05 13:52:53.433  INFO 13296 --- [lava-daemon-pool-info-loader-2-thread-1] lavalink.server.player.AudioLoader       : Loaded track Harry Styles - Adore You (Official Audio)
2020-03-05 13:52:53.510  INFO 13296 --- [XNIO-1 I/O-3] lavalink.server.io.SocketServer          : {"op":"play","guildId":"356575333899829258","track":"QAAAkgIAKUhhcnJ5IFN0eWxlcyAtIEFkb3JlIFlvdSAoT2ZmaWNpYWwgQXVkaW8pAA9IYXJyeVN0eWxlc1ZFVk8AAAAAAAMwaAALaXF1aEJnTS1RdjAAAQAraHR0cHM6Ly93d3cueW91dHViZS5jb20vd2F0Y2g/dj1pcXVoQmdNLVF2MAAHeW91dHViZQAAAAAAAAAA","volume":100}
2020-03-05 13:56:22.679  INFO 13296 --- [XNIO-1 I/O-3] lavalink.server.io.SocketServer          : {"op":"destroy","guildId":"356575333899829258"}
2020-03-05 13:56:30.264  INFO 13296 --- [XNIO-1 I/O-3] lavalink.server.io.SocketServer          : Connection closed from /127.0.0.1:55503 -- CloseStatus[code=1006, reason=]
2020-03-05 13:56:30.265  INFO 13296 --- [XNIO-1 I/O-3] lavalink.server.io.SocketContext         : Shutting down 0 playing players.
2020-03-05 13:56:30.267  INFO 13296 --- [XNIO-1 I/O-3] c.s.d.l.tools.GarbageCollectionMonitor   : GC monitoring disabled.
